<?xml version="1.0" encoding="UTF-8" ?>
<testsuites errors="1"
            failures="1"
            tests="1">

  <testsuite name="functional.login"
    errors="1" failures="1" hostname="" id="" package="functional" skipped="0"
    tests="1" time="16.86" timestamp="Fri, 24 Aug 2018 15:04:29 GMT">
  
    <testcase name="Login" classname="functional.login" time="16.86" assertions="5">

    

    

      <failure message="Testing if the URL equals &#34;https://qa-comm-web.idexxcomm.com/communications&#34;.">    at Object.Login (/home/chyde/Dev/communicatorNightwatch/tests/functional/login.js:25:21)
    at _combinedTickCallback (internal/process/next_tick.js:131:7)</failure>

      <failure message="Testing if element &lt;.mainContent-header-name&gt; contains text: &#34;Communication&#34;. Element could not be located.">    at Object.Login (/home/chyde/Dev/communicatorNightwatch/tests/functional/login.js:26:21)
    at _combinedTickCallback (internal/process/next_tick.js:131:7)</failure>

    
    </testcase>
  

  
    <system-err>
      ERROR: Unable to locate element: &#34;.mainContent-header-name&#34; using: css selector
    at F.command (/home/chyde/.nvm/versions/node/v9.2.1/lib/node_modules/nightwatch/lib/api/assertions/containsText.js:46:21)
    at F.module.exports.BaseAssertion._scheduleAssertion (/home/chyde/.nvm/versions/node/v9.2.1/lib/node_modules/nightwatch/lib/core/assertion.js:87:17)
    at F.module.exports.BaseAssertion._executeCommand (/home/chyde/.nvm/versions/node/v9.2.1/lib/node_modules/nightwatch/lib/core/assertion.js:82:17)
    at AssertionInstance.commandFn [as _commandFn] (/home/chyde/.nvm/versions/node/v9.2.1/lib/node_modules/nightwatch/lib/core/assertion.js:180:21)
    at AsyncTree.runCommand (/home/chyde/.nvm/versions/node/v9.2.1/lib/node_modules/nightwatch/lib/core/queue.js:154:30)
    at AsyncTree.runChildNode (/home/chyde/.nvm/versions/node/v9.2.1/lib/node_modules/nightwatch/lib/core/queue.js:114:8)
    at AsyncTree.walkDown (/home/chyde/.nvm/versions/node/v9.2.1/lib/node_modules/nightwatch/lib/core/queue.js:80:10)
    at AsyncTree.walkUp (/home/chyde/.nvm/versions/node/v9.2.1/lib/node_modules/nightwatch/lib/core/queue.js:97:8)
    at AsyncTree.walkDown (/home/chyde/.nvm/versions/node/v9.2.1/lib/node_modules/nightwatch/lib/core/queue.js:90:12)
    at AsyncTree.walkUp (/home/chyde/.nvm/versions/node/v9.2.1/lib/node_modules/nightwatch/lib/core/queue.js:97:8)
    </system-err>
  

  
  </testsuite>
</testsuites>
